Release 14.6 Map P.68d (nt64)
Xilinx Mapping Report File for Design 'Papilio_Pro'

Design Information
------------------
Command Line   : map -intstyle ise -p xc6slx9-tqg144-2 -w -logic_opt off -ol
high -t 1 -xt 0 -register_duplication off -r 4 -global_opt off -mt off -ir off
-pr off -lc off -power off -o Papilio_Pro_map.ncd Papilio_Pro.ngd
Papilio_Pro.pcf 
Target Device  : xc6slx9
Target Package : tqg144
Target Speed   : -2
Mapper Version : spartan6 -- $Revision: 1.55 $
Mapped Date    : Mon Jan 20 02:17:10 2014

Design Summary
--------------
Number of errors:      0
Number of warnings:    7
Slice Logic Utilization:
  Number of Slice Registers:                 1,582 out of  11,440   13%
    Number used as Flip Flops:               1,582
    Number used as Latches:                      0
    Number used as Latch-thrus:                  0
    Number used as AND/OR logics:                0
  Number of Slice LUTs:                      2,093 out of   5,720   36%
    Number used as logic:                    2,032 out of   5,720   35%
      Number using O6 output only:           1,473
      Number using O5 output only:             128
      Number using O5 and O6:                  431
      Number used as ROM:                        0
    Number used as Memory:                      30 out of   1,440    2%
      Number used as Dual Port RAM:              4
        Number using O6 output only:             0
        Number using O5 output only:             0
        Number using O5 and O6:                  4
      Number used as Single Port RAM:            8
        Number using O6 output only:             0
        Number using O5 output only:             0
        Number using O5 and O6:                  8
      Number used as Shift Register:            18
        Number using O6 output only:             2
        Number using O5 output only:             0
        Number using O5 and O6:                 16
    Number used exclusively as route-thrus:     31
      Number with same-slice register load:     23
      Number with same-slice carry load:         8
      Number with other load:                    0

Slice Logic Distribution:
  Number of occupied Slices:                   839 out of   1,430   58%
  Number of MUXCYs used:                       448 out of   2,860   15%
  Number of LUT Flip Flop pairs used:        2,521
    Number with an unused Flip Flop:         1,083 out of   2,521   42%
    Number with an unused LUT:                 428 out of   2,521   16%
    Number of fully used LUT-FF pairs:       1,010 out of   2,521   40%
    Number of unique control sets:              77
    Number of slice register sites lost
      to control set restrictions:             224 out of  11,440    1%

  A LUT Flip Flop pair for this architecture represents one LUT paired with
  one Flip Flop within a slice.  A control set is a unique combination of
  clock, reset, set, and enable signals for a registered element.
  The Slice Logic Distribution report is not meaningful if the design is
  over-mapped for a non-slice resource or if Placement fails.

IO Utilization:
  Number of bonded IOBs:                        93 out of     102   91%
    Number of LOCed IOBs:                       93 out of      93  100%
    IOB Flip Flops:                             52

Specific Feature Utilization:
  Number of RAMB16BWERs:                        11 out of      32   34%
  Number of RAMB8BWERs:                          1 out of      64    1%
  Number of BUFIO2/BUFIO2_2CLKs:                 1 out of      32    3%
    Number used as BUFIO2s:                      1
    Number used as BUFIO2_2CLKs:                 0
  Number of BUFIO2FB/BUFIO2FB_2CLKs:             1 out of      32    3%
    Number used as BUFIO2FBs:                    1
    Number used as BUFIO2FB_2CLKs:               0
  Number of BUFG/BUFGMUXs:                       3 out of      16   18%
    Number used as BUFGs:                        3
    Number used as BUFGMUX:                      0
  Number of DCM/DCM_CLKGENs:                     0 out of       4    0%
  Number of ILOGIC2/ISERDES2s:                  16 out of     200    8%
    Number used as ILOGIC2s:                    16
    Number used as ISERDES2s:                    0
  Number of IODELAY2/IODRP2/IODRP2_MCBs:         0 out of     200    0%
  Number of OLOGIC2/OSERDES2s:                  36 out of     200   18%
    Number used as OLOGIC2s:                    36
    Number used as OSERDES2s:                    0
  Number of BSCANs:                              0 out of       4    0%
  Number of BUFHs:                               0 out of     128    0%
  Number of BUFPLLs:                             0 out of       8    0%
  Number of BUFPLL_MCBs:                         0 out of       4    0%
  Number of DSP48A1s:                            4 out of      16   25%
  Number of ICAPs:                               0 out of       1    0%
  Number of MCBs:                                0 out of       2    0%
  Number of PCILOGICSEs:                         0 out of       2    0%
  Number of PLL_ADVs:                            1 out of       2   50%
  Number of PMVs:                                0 out of       1    0%
  Number of STARTUPs:                            0 out of       1    0%
  Number of SUSPEND_SYNCs:                       0 out of       1    0%

Average Fanout of Non-Clock Nets:                3.56

Peak Memory Usage:  469 MB
Total REAL time to MAP completion:  1 mins 27 secs 
Total CPU time to MAP completion:   1 mins 25 secs 

Table of Contents
-----------------
Section 1 - Errors
Section 2 - Warnings
Section 3 - Informational
Section 4 - Removed Logic Summary
Section 5 - Removed Logic
Section 6 - IOB Properties
Section 7 - RPMs
Section 8 - Guide Report
Section 9 - Area Group and Partition Summary
Section 10 - Timing Report
Section 11 - Configuration String Information
Section 12 - Control Set Information
Section 13 - Utilization by Hierarchy

Section 1 - Errors
------------------

Section 2 - Warnings
--------------------
WARNING:Pack:1186 - One or more I/O components have conflicting property values.
    For each occurrence, the system will use the property value attached to the
   pad.  Otherwise, the system will use the first property value read.  To view
   each occurrence, create a detailed map report (run map using the -detail
   option).
WARNING:PhysDesignRules:367 - The signal
   <XLXI_41/fifo_instance/Mram_memory1_RAMD_D1_O> is incomplete. The signal does
   not drive any load pins in the design.
WARNING:PhysDesignRules:367 - The signal
   <XLXI_49/fifo_instance/Mram_memory1_RAMD_D1_O> is incomplete. The signal does
   not drive any load pins in the design.
WARNING:PhysDesignRules:1176 - Issue with pin connections and/or configuration
   on
   block:<XLXI_44/zpuino/core/cache/cachemem/Mram_RAM1>:<RAMB16BWER_RAMB16BWER>.
    The block is configured to use input parity pin DIBP0. There is dangling
   output for parity pin DOPB0.
WARNING:PhysDesignRules:1176 - Issue with pin connections and/or configuration
   on
   block:<XLXI_44/zpuino/core/cache/cachemem/Mram_RAM2>:<RAMB16BWER_RAMB16BWER>.
    The block is configured to use input parity pin DIBP0. There is dangling
   output for parity pin DOPB0.
WARNING:PhysDesignRules:1176 - Issue with pin connections and/or configuration
   on
   block:<XLXI_44/zpuino/core/cache/cachemem/Mram_RAM3>:<RAMB16BWER_RAMB16BWER>.
    The block is configured to use input parity pin DIBP0. There is dangling
   output for parity pin DOPB0.
WARNING:PhysDesignRules:2410 - This design is using one or more 9K Block RAMs
   (RAMB8BWER).  9K Block RAM initialization data, both user defined and
   default, may be incorrect and should not be used.  For more information,
   please reference Xilinx Answer Record 39999.

Section 3 - Informational
-------------------------
INFO:LIT:243 - Logical network XLXI_41/fifo_instance/Mram_memory22/SPO has no
   load.
INFO:LIT:395 - The above info message is repeated 3 more times for the following
   (max. 5 shown):
   XLXI_41/fifo_instance/Mram_memory21/SPO,
   XLXI_49/fifo_instance/Mram_memory22/SPO,
   XLXI_49/fifo_instance/Mram_memory21/SPO
   To see the details of these info messages, please use the -detail switch.
INFO:MapLib:562 - No environment variables are currently set.
INFO:MapLib:159 - Net Timing constraints on signal CLK are pushed forward
   through input buffer.
INFO:Pack:1716 - Initializing temperature to 85.000 Celsius. (default - Range:
   0.000 to 85.000 Celsius)
INFO:Pack:1720 - Initializing voltage to 1.140 Volts. (default - Range: 1.140 to
   1.260 Volts)
INFO:Map:215 - The Interim Design Summary has been generated in the MAP Report
   (.mrp).
INFO:Pack:1650 - Map created a placed design.

Section 4 - Removed Logic Summary
---------------------------------
  86 block(s) removed
   2 block(s) optimized away
  73 signal(s) removed

Section 5 - Removed Logic
-------------------------

The trimmed logic report below shows the logic removed from your design due to
sourceless or loadless signals, and VCC or ground connections.  If the removal
of a signal or symbol results in the subsequent removal of an additional signal
or symbol, the message explaining that second removal will be indented.  This
indentation will be repeated as a chain of related logic is removed.

To quickly locate the original cause for the removal of a chain of logic, look
above the place where that logic is listed in the trimming report, then locate
the lines that are least indented (begin at the leftmost edge).

Loadless block "XLXI_44/clkgen_inst/clk2_inst" (CKBUF) removed.
 The signal "XLXI_44/clkgen_inst/clk2" is loadless and has been removed.
Loadless block "XLXI_44/clkgen_inst/clkfx_inst_1mhz" (CKBUF) removed.
 The signal "XLXI_44/clkgen_inst/dcmclock_1mhz" is loadless and has been removed.
Loadless block "XLXI_44/clkgen_inst/vgainst" (CKBUF) removed.
Loadless block "XLXI_47/Inst_sram/Inst_SampleRAM/BlockRAMS[0].RAMB16_S36_inst"
(RAMB16BWER) removed.
 The signal "XLXI_47/clock_BUFG" is loadless and has been removed.
  Loadless block "XLXI_47/clock_BUFG" (CKBUF) removed.
   The signal "XLXI_47/clock" is loadless and has been removed.
 The signal "XLXI_47/Inst_sram/Inst_SampleRAM/WEB<0>" is loadless and has been
removed.
  Loadless block "XLXI_47/Inst_sram/Inst_SampleRAM/WEB<0>21" (ROM) removed.
   The signal "XLXI_47/Inst_sram/addra<11>" is loadless and has been removed.
    Loadless block "XLXI_47/Inst_sram/addra_11" (SFF) removed.
     The signal "XLXI_47/Inst_sram/addra[12]_addra[12]_mux_9_OUT<11>" is loadless and
has been removed.
      Loadless block "XLXI_47/Inst_sram/Mmux_addra[12]_addra[12]_mux_9_OUT_rs_xor<11>"
(XOR) removed.
       The signal "XLXI_47/Inst_sram/Mmux_addra[12]_addra[12]_mux_9_OUT_rs_cy<10>" is
loadless and has been removed.
        Loadless block "XLXI_47/Inst_sram/Mmux_addra[12]_addra[12]_mux_9_OUT_rs_cy<10>"
(MUX) removed.
         The signal "XLXI_47/Inst_sram/Mmux_addra[12]_addra[12]_mux_9_OUT_rs_cy<9>" is
loadless and has been removed.
          Loadless block "XLXI_47/Inst_sram/Mmux_addra[12]_addra[12]_mux_9_OUT_rs_cy<9>"
(MUX) removed.
           The signal "XLXI_47/Inst_sram/Mmux_addra[12]_addra[12]_mux_9_OUT_rs_cy<8>" is
loadless and has been removed.
            Loadless block "XLXI_47/Inst_sram/Mmux_addra[12]_addra[12]_mux_9_OUT_rs_cy<8>"
(MUX) removed.
             The signal "XLXI_47/Inst_sram/Mmux_addra[12]_addra[12]_mux_9_OUT_rs_cy<7>" is
loadless and has been removed.
              Loadless block "XLXI_47/Inst_sram/Mmux_addra[12]_addra[12]_mux_9_OUT_rs_cy<7>"
(MUX) removed.
               The signal "XLXI_47/Inst_sram/Mmux_addra[12]_addra[12]_mux_9_OUT_rs_cy<6>" is
loadless and has been removed.
                Loadless block "XLXI_47/Inst_sram/Mmux_addra[12]_addra[12]_mux_9_OUT_rs_cy<6>"
(MUX) removed.
                 The signal "XLXI_47/Inst_sram/Mmux_addra[12]_addra[12]_mux_9_OUT_rs_cy<5>" is
loadless and has been removed.
                  Loadless block "XLXI_47/Inst_sram/Mmux_addra[12]_addra[12]_mux_9_OUT_rs_cy<5>"
(MUX) removed.
                   The signal "XLXI_47/Inst_sram/Mmux_addra[12]_addra[12]_mux_9_OUT_rs_cy<4>" is
loadless and has been removed.
                    Loadless block "XLXI_47/Inst_sram/Mmux_addra[12]_addra[12]_mux_9_OUT_rs_cy<4>"
(MUX) removed.
                     The signal "XLXI_47/Inst_sram/Mmux_addra[12]_addra[12]_mux_9_OUT_rs_cy<3>" is
loadless and has been removed.
                      Loadless block "XLXI_47/Inst_sram/Mmux_addra[12]_addra[12]_mux_9_OUT_rs_cy<3>"
(MUX) removed.
                       The signal "XLXI_47/Inst_sram/Mmux_addra[12]_addra[12]_mux_9_OUT_rs_cy<2>" is
loadless and has been removed.
                        Loadless block "XLXI_47/Inst_sram/Mmux_addra[12]_addra[12]_mux_9_OUT_rs_cy<2>"
(MUX) removed.
                         The signal "XLXI_47/Inst_sram/Mmux_addra[12]_addra[12]_mux_9_OUT_rs_cy<1>" is
loadless and has been removed.
                          Loadless block "XLXI_47/Inst_sram/Mmux_addra[12]_addra[12]_mux_9_OUT_rs_cy<1>"
(MUX) removed.
                           The signal "XLXI_47/Inst_sram/Mmux_addra[12]_addra[12]_mux_9_OUT_rs_cy<0>" is
loadless and has been removed.
                            Loadless block "XLXI_47/Inst_sram/Mmux_addra[12]_addra[12]_mux_9_OUT_rs_cy<0>"
(MUX) removed.
                             The signal "XLXI_47/Inst_sram/addra<0>" is loadless and has been removed.
                              Loadless block "XLXI_47/Inst_sram/addra_0" (SFF) removed.
                               The signal "XLXI_47/Inst_sram/addra[12]_addra[12]_mux_9_OUT<0>" is loadless and
has been removed.
                                Loadless block "XLXI_47/Inst_sram/Mmux_addra[12]_addra[12]_mux_9_OUT_rs_xor<0>"
(XOR) removed.
                                 The signal "XLXI_47/Inst_sram/Mmux_addra[12]_addra[12]_mux_9_OUT_rs_lut<0>" is
loadless and has been removed.
                                  Loadless block
"XLXI_47/Inst_sram/Mmux_addra[12]_addra[12]_mux_9_OUT_rs_lut<0>1_INV_0" (BUF)
removed.
                               The signal "XLXI_47/Inst_sram/_n0030" is loadless and has been removed.
                                Loadless block "XLXI_47/Inst_sram/_n00303" (ROM) removed.
                                 The signal "XLXI_47/Inst_sram/addra<12>" is loadless and has been removed.
                                  Loadless block "XLXI_47/Inst_sram/addra_12" (SFF) removed.
                                   The signal "XLXI_47/Inst_sram/addra[12]_addra[12]_mux_9_OUT<12>" is loadless and
has been removed.
                                    Loadless block "XLXI_47/Inst_sram/Mmux_addra[12]_addra[12]_mux_9_OUT_rs_xor<12>"
(XOR) removed.
                                     The signal "XLXI_47/Inst_sram/Mmux_addra[12]_addra[12]_mux_9_OUT_rs_cy<11>" is
loadless and has been removed.
                                      Loadless block "XLXI_47/Inst_sram/Mmux_addra[12]_addra[12]_mux_9_OUT_rs_cy<11>"
(MUX) removed.
                                       The signal "XLXI_47/Inst_sram/Mmux_addra[12]_addra[12]_mux_9_OUT_rs_cy<11>_rt"
is loadless and has been removed.
                                        Loadless block
"XLXI_47/Inst_sram/Mmux_addra[12]_addra[12]_mux_9_OUT_rs_cy<11>_rt" (ROM)
removed.
                                     The signal "XLXI_47/Inst_sram/Mmux_addra[12]_addra[12]_mux_9_OUT_rs_xor<12>_rt"
is loadless and has been removed.
                                      Loadless block
"XLXI_47/Inst_sram/Mmux_addra[12]_addra[12]_mux_9_OUT_rs_xor<12>_rt" (ROM)
removed.
                                 The signal "XLXI_47/Inst_sram/_n00301" is loadless and has been removed.
                                  Loadless block "XLXI_47/Inst_sram/_n00301" (ROM) removed.
                                   The signal "XLXI_47/Inst_sram/addra<8>" is loadless and has been removed.
                                    Loadless block "XLXI_47/Inst_sram/addra_8" (SFF) removed.
                                     The signal "XLXI_47/Inst_sram/addra[12]_addra[12]_mux_9_OUT<8>" is loadless and
has been removed.
                                      Loadless block "XLXI_47/Inst_sram/Mmux_addra[12]_addra[12]_mux_9_OUT_rs_xor<8>"
(XOR) removed.
                                       The signal "XLXI_47/Inst_sram/Mmux_addra[12]_addra[12]_mux_9_OUT_rs_cy<8>_rt" is
loadless and has been removed.
                                        Loadless block
"XLXI_47/Inst_sram/Mmux_addra[12]_addra[12]_mux_9_OUT_rs_cy<8>_rt" (ROM)
removed.
                                   The signal "XLXI_47/Inst_sram/addra<9>" is loadless and has been removed.
                                    Loadless block "XLXI_47/Inst_sram/addra_9" (SFF) removed.
                                     The signal "XLXI_47/Inst_sram/addra[12]_addra[12]_mux_9_OUT<9>" is loadless and
has been removed.
                                      Loadless block "XLXI_47/Inst_sram/Mmux_addra[12]_addra[12]_mux_9_OUT_rs_xor<9>"
(XOR) removed.
                                       The signal "XLXI_47/Inst_sram/Mmux_addra[12]_addra[12]_mux_9_OUT_rs_cy<9>_rt" is
loadless and has been removed.
                                        Loadless block
"XLXI_47/Inst_sram/Mmux_addra[12]_addra[12]_mux_9_OUT_rs_cy<9>_rt" (ROM)
removed.
                                   The signal "XLXI_47/Inst_sram/addra<6>" is loadless and has been removed.
                                    Loadless block "XLXI_47/Inst_sram/addra_6" (SFF) removed.
                                     The signal "XLXI_47/Inst_sram/addra[12]_addra[12]_mux_9_OUT<6>" is loadless and
has been removed.
                                      Loadless block "XLXI_47/Inst_sram/Mmux_addra[12]_addra[12]_mux_9_OUT_rs_xor<6>"
(XOR) removed.
                                       The signal "XLXI_47/Inst_sram/Mmux_addra[12]_addra[12]_mux_9_OUT_rs_cy<6>_rt" is
loadless and has been removed.
                                        Loadless block
"XLXI_47/Inst_sram/Mmux_addra[12]_addra[12]_mux_9_OUT_rs_cy<6>_rt" (ROM)
removed.
                                   The signal "XLXI_47/Inst_sram/addra<7>" is loadless and has been removed.
                                    Loadless block "XLXI_47/Inst_sram/addra_7" (SFF) removed.
                                     The signal "XLXI_47/Inst_sram/addra[12]_addra[12]_mux_9_OUT<7>" is loadless and
has been removed.
                                      Loadless block "XLXI_47/Inst_sram/Mmux_addra[12]_addra[12]_mux_9_OUT_rs_xor<7>"
(XOR) removed.
                                       The signal "XLXI_47/Inst_sram/Mmux_addra[12]_addra[12]_mux_9_OUT_rs_cy<7>_rt" is
loadless and has been removed.
                                        Loadless block
"XLXI_47/Inst_sram/Mmux_addra[12]_addra[12]_mux_9_OUT_rs_cy<7>_rt" (ROM)
removed.
                                 The signal "XLXI_47/Inst_sram/addra<4>" is loadless and has been removed.
                                  Loadless block "XLXI_47/Inst_sram/addra_4" (SFF) removed.
                                   The signal "XLXI_47/Inst_sram/addra[12]_addra[12]_mux_9_OUT<4>" is loadless and
has been removed.
                                    Loadless block "XLXI_47/Inst_sram/Mmux_addra[12]_addra[12]_mux_9_OUT_rs_xor<4>"
(XOR) removed.
                                     The signal "XLXI_47/Inst_sram/Mmux_addra[12]_addra[12]_mux_9_OUT_rs_cy<4>_rt" is
loadless and has been removed.
                                      Loadless block
"XLXI_47/Inst_sram/Mmux_addra[12]_addra[12]_mux_9_OUT_rs_cy<4>_rt" (ROM)
removed.
                                 The signal "XLXI_47/Inst_sram/addra<5>" is loadless and has been removed.
                                  Loadless block "XLXI_47/Inst_sram/addra_5" (SFF) removed.
                                   The signal "XLXI_47/Inst_sram/addra[12]_addra[12]_mux_9_OUT<5>" is loadless and
has been removed.
                                    Loadless block "XLXI_47/Inst_sram/Mmux_addra[12]_addra[12]_mux_9_OUT_rs_xor<5>"
(XOR) removed.
                                     The signal "XLXI_47/Inst_sram/Mmux_addra[12]_addra[12]_mux_9_OUT_rs_cy<5>_rt" is
loadless and has been removed.
                                      Loadless block
"XLXI_47/Inst_sram/Mmux_addra[12]_addra[12]_mux_9_OUT_rs_cy<5>_rt" (ROM)
removed.
                                 The signal "XLXI_47/Inst_sram/_n00302" is loadless and has been removed.
                                  Loadless block "XLXI_47/Inst_sram/_n00302" (ROM) removed.
                                   The signal "XLXI_47/Inst_sram/addra<2>" is loadless and has been removed.
                                    Loadless block "XLXI_47/Inst_sram/addra_2" (SFF) removed.
                                     The signal "XLXI_47/Inst_sram/addra[12]_addra[12]_mux_9_OUT<2>" is loadless and
has been removed.
                                      Loadless block "XLXI_47/Inst_sram/Mmux_addra[12]_addra[12]_mux_9_OUT_rs_xor<2>"
(XOR) removed.
                                       The signal "XLXI_47/Inst_sram/Mmux_addra[12]_addra[12]_mux_9_OUT_rs_cy<2>_rt" is
loadless and has been removed.
                                        Loadless block
"XLXI_47/Inst_sram/Mmux_addra[12]_addra[12]_mux_9_OUT_rs_cy<2>_rt" (ROM)
removed.
                                   The signal "XLXI_47/Inst_sram/addra<3>" is loadless and has been removed.
                                    Loadless block "XLXI_47/Inst_sram/addra_3" (SFF) removed.
                                     The signal "XLXI_47/Inst_sram/addra[12]_addra[12]_mux_9_OUT<3>" is loadless and
has been removed.
                                      Loadless block "XLXI_47/Inst_sram/Mmux_addra[12]_addra[12]_mux_9_OUT_rs_xor<3>"
(XOR) removed.
                                       The signal "XLXI_47/Inst_sram/Mmux_addra[12]_addra[12]_mux_9_OUT_rs_cy<3>_rt" is
loadless and has been removed.
                                        Loadless block
"XLXI_47/Inst_sram/Mmux_addra[12]_addra[12]_mux_9_OUT_rs_cy<3>_rt" (ROM)
removed.
                                   The signal "XLXI_47/Inst_sram/addra<10>" is loadless and has been removed.
                                    Loadless block "XLXI_47/Inst_sram/addra_10" (SFF) removed.
                                     The signal "XLXI_47/Inst_sram/addra[12]_addra[12]_mux_9_OUT<10>" is loadless and
has been removed.
                                      Loadless block "XLXI_47/Inst_sram/Mmux_addra[12]_addra[12]_mux_9_OUT_rs_xor<10>"
(XOR) removed.
                                       The signal "XLXI_47/Inst_sram/Mmux_addra[12]_addra[12]_mux_9_OUT_rs_cy<10>_rt"
is loadless and has been removed.
                                        Loadless block
"XLXI_47/Inst_sram/Mmux_addra[12]_addra[12]_mux_9_OUT_rs_cy<10>_rt" (ROM)
removed.
                                   The signal "XLXI_47/Inst_sram/addra<1>" is loadless and has been removed.
                                    Loadless block "XLXI_47/Inst_sram/addra_1" (SFF) removed.
                                     The signal "XLXI_47/Inst_sram/addra[12]_addra[12]_mux_9_OUT<1>" is loadless and
has been removed.
                                      Loadless block "XLXI_47/Inst_sram/Mmux_addra[12]_addra[12]_mux_9_OUT_rs_xor<1>"
(XOR) removed.
                                       The signal "XLXI_47/Inst_sram/Mmux_addra[12]_addra[12]_mux_9_OUT_rs_cy<1>_rt" is
loadless and has been removed.
                                        Loadless block
"XLXI_47/Inst_sram/Mmux_addra[12]_addra[12]_mux_9_OUT_rs_cy<1>_rt" (ROM)
removed.
Loadless block "XLXI_47/Inst_sram/Inst_SampleRAM/BlockRAMS[10].RAMB16_S36_inst"
(RAMB16BWER) removed.
 The signal "XLXI_47/Inst_sram/Inst_SampleRAM/WEB<10>" is loadless and has been
removed.
  Loadless block "XLXI_47/Inst_sram/Inst_SampleRAM/WEB<10>21" (ROM) removed.
Loadless block "XLXI_47/Inst_sram/Inst_SampleRAM/BlockRAMS[11].RAMB16_S36_inst"
(RAMB16BWER) removed.
 The signal "XLXI_47/Inst_sram/Inst_SampleRAM/WEB<11>" is loadless and has been
removed.
  Loadless block "XLXI_47/Inst_sram/Inst_SampleRAM/WEB<11>11" (ROM) removed.
Loadless block "XLXI_47/Inst_sram/Inst_SampleRAM/BlockRAMS[1].RAMB16_S36_inst"
(RAMB16BWER) removed.
 The signal "XLXI_47/Inst_sram/Inst_SampleRAM/WEB<1>" is loadless and has been
removed.
  Loadless block "XLXI_47/Inst_sram/Inst_SampleRAM/WEB<1>11" (ROM) removed.
Loadless block "XLXI_47/Inst_sram/Inst_SampleRAM/BlockRAMS[2].RAMB16_S36_inst"
(RAMB16BWER) removed.
 The signal "XLXI_47/Inst_sram/Inst_SampleRAM/WEB<2>" is loadless and has been
removed.
  Loadless block "XLXI_47/Inst_sram/Inst_SampleRAM/WEB<2>21" (ROM) removed.
Loadless block "XLXI_47/Inst_sram/Inst_SampleRAM/BlockRAMS[3].RAMB16_S36_inst"
(RAMB16BWER) removed.
 The signal "XLXI_47/Inst_sram/Inst_SampleRAM/WEB<3>" is loadless and has been
removed.
  Loadless block "XLXI_47/Inst_sram/Inst_SampleRAM/WEB<3>11" (ROM) removed.
Loadless block "XLXI_47/Inst_sram/Inst_SampleRAM/BlockRAMS[4].RAMB16_S36_inst"
(RAMB16BWER) removed.
 The signal "XLXI_47/Inst_sram/Inst_SampleRAM/WEB<4>" is loadless and has been
removed.
  Loadless block "XLXI_47/Inst_sram/Inst_SampleRAM/WEB<4>11" (ROM) removed.
Loadless block "XLXI_47/Inst_sram/Inst_SampleRAM/BlockRAMS[5].RAMB16_S36_inst"
(RAMB16BWER) removed.
 The signal "XLXI_47/Inst_sram/Inst_SampleRAM/WEB<5>" is loadless and has been
removed.
  Loadless block "XLXI_47/Inst_sram/Inst_SampleRAM/WEB<5>11" (ROM) removed.
Loadless block "XLXI_47/Inst_sram/Inst_SampleRAM/BlockRAMS[6].RAMB16_S36_inst"
(RAMB16BWER) removed.
 The signal "XLXI_47/Inst_sram/Inst_SampleRAM/WEB<6>" is loadless and has been
removed.
  Loadless block "XLXI_47/Inst_sram/Inst_SampleRAM/WEB<6>11" (ROM) removed.
Loadless block "XLXI_47/Inst_sram/Inst_SampleRAM/BlockRAMS[7].RAMB16_S36_inst"
(RAMB16BWER) removed.
 The signal "XLXI_47/Inst_sram/Inst_SampleRAM/WEB<7>" is loadless and has been
removed.
  Loadless block "XLXI_47/Inst_sram/Inst_SampleRAM/WEB<7>11" (ROM) removed.
Loadless block "XLXI_47/Inst_sram/Inst_SampleRAM/BlockRAMS[8].RAMB16_S36_inst"
(RAMB16BWER) removed.
 The signal "XLXI_47/Inst_sram/Inst_SampleRAM/WEB<8>" is loadless and has been
removed.
  Loadless block "XLXI_47/Inst_sram/Inst_SampleRAM/WEB<8>11" (ROM) removed.
Loadless block "XLXI_47/Inst_sram/Inst_SampleRAM/BlockRAMS[9].RAMB16_S36_inst"
(RAMB16BWER) removed.
 The signal "XLXI_47/Inst_sram/Inst_SampleRAM/WEB<9>" is loadless and has been
removed.
  Loadless block "XLXI_47/Inst_sram/Inst_SampleRAM/WEB<9>11" (ROM) removed.

The trimmed logic reported below is either:
   1. part of a cycle
   2. part of disabled logic
   3. a side-effect of other trimmed logic

The signal "XLXI_47/Inst_clockman/clkfbbuf" is unused and has been removed.
 Unused block "XLXI_47/Inst_clockman/BUFG_clkfb" (CKBUF) removed.
  The signal "XLXI_47/Inst_clockman/clkfb" is unused and has been removed.
The signal "XLXI_47/Inst_clockman/clkin1" is unused and has been removed.
 Unused block "XLXI_47/Inst_clockman/clkin2_inst" (CKBUF) removed.
Unused block "XLXI_44/clkgen_inst/DCM_inst_1mhz" (DCM_SP) removed.
Unused block "XLXI_47/Inst_clockman/DCM_baseClock" (DCM_SP) removed.

Optimized Block(s):
TYPE 		BLOCK
GND 		XST_GND
VCC 		XST_VCC

To enable printing of redundant blocks removed and signals merged, set the
detailed map report option and rerun map.

Section 6 - IOB Properties
--------------------------

+---------------------------------------------------------------------------------------------------------------------------------------------------------+
| IOB Name                           | Type             | Direction | IO Standard          | Diff  | Drive    | Slew | Reg (s)      | Resistor | IOB      |
|                                    |                  |           |                      | Term  | Strength | Rate |              |          | Delay    |
+---------------------------------------------------------------------------------------------------------------------------------------------------------+
| CLK                                | IOB              | INPUT     | LVTTL                |       |          |      |              |          |          |
| DRAM_ADDR<0>                       | IOB              | OUTPUT    | LVTTL                |       | 12       | FAST | OFF          |          |          |
| DRAM_ADDR<1>                       | IOB              | OUTPUT    | LVTTL                |       | 12       | FAST | OFF          |          |          |
| DRAM_ADDR<2>                       | IOB              | OUTPUT    | LVTTL                |       | 12       | FAST | OFF          |          |          |
| DRAM_ADDR<3>                       | IOB              | OUTPUT    | LVTTL                |       | 12       | FAST | OFF          |          |          |
| DRAM_ADDR<4>                       | IOB              | OUTPUT    | LVTTL                |       | 12       | FAST | OFF          |          |          |
| DRAM_ADDR<5>                       | IOB              | OUTPUT    | LVTTL                |       | 12       | FAST | OFF          |          |          |
| DRAM_ADDR<6>                       | IOB              | OUTPUT    | LVTTL                |       | 12       | FAST | OFF          |          |          |
| DRAM_ADDR<7>                       | IOB              | OUTPUT    | LVTTL                |       | 12       | FAST | OFF          |          |          |
| DRAM_ADDR<8>                       | IOB              | OUTPUT    | LVTTL                |       | 12       | FAST | OFF          |          |          |
| DRAM_ADDR<9>                       | IOB              | OUTPUT    | LVTTL                |       | 12       | FAST | OFF          |          |          |
| DRAM_ADDR<10>                      | IOB              | OUTPUT    | LVTTL                |       | 12       | FAST | OFF          |          |          |
| DRAM_ADDR<11>                      | IOB              | OUTPUT    | LVTTL                |       | 12       | FAST | OFF          |          |          |
| DRAM_ADDR<12>                      | IOB              | OUTPUT    | LVTTL                |       | 12       | FAST |              |          |          |
| DRAM_BA<0>                         | IOB              | OUTPUT    | LVTTL                |       | 12       | FAST | OFF          |          |          |
| DRAM_BA<1>                         | IOB              | OUTPUT    | LVTTL                |       | 12       | FAST | OFF          |          |          |
| DRAM_CAS_N                         | IOB              | OUTPUT    | LVTTL                |       | 12       | FAST | OFF          |          |          |
| DRAM_CKE                           | IOB              | OUTPUT    | LVTTL                |       | 12       | FAST |              |          |          |
| DRAM_CLK                           | IOB              | OUTPUT    | LVTTL                |       | 12       | FAST | ODDR         |          |          |
| DRAM_CS_N                          | IOB              | OUTPUT    | LVTTL                |       | 12       | FAST |              |          |          |
| DRAM_DQ<0>                         | IOB              | BIDIR     | LVTTL                |       | 12       | FAST | IFF          |          |          |
|                                    |                  |           |                      |       |          |      | OFF          |          |          |
| DRAM_DQ<1>                         | IOB              | BIDIR     | LVTTL                |       | 12       | FAST | IFF          |          |          |
|                                    |                  |           |                      |       |          |      | OFF          |          |          |
| DRAM_DQ<2>                         | IOB              | BIDIR     | LVTTL                |       | 12       | FAST | IFF          |          |          |
|                                    |                  |           |                      |       |          |      | OFF          |          |          |
| DRAM_DQ<3>                         | IOB              | BIDIR     | LVTTL                |       | 12       | FAST | IFF          |          |          |
|                                    |                  |           |                      |       |          |      | OFF          |          |          |
| DRAM_DQ<4>                         | IOB              | BIDIR     | LVTTL                |       | 12       | FAST | IFF          |          |          |
|                                    |                  |           |                      |       |          |      | OFF          |          |          |
| DRAM_DQ<5>                         | IOB              | BIDIR     | LVTTL                |       | 12       | FAST | IFF          |          |          |
|                                    |                  |           |                      |       |          |      | OFF          |          |          |
| DRAM_DQ<6>                         | IOB              | BIDIR     | LVTTL                |       | 12       | FAST | IFF          |          |          |
|                                    |                  |           |                      |       |          |      | OFF          |          |          |
| DRAM_DQ<7>                         | IOB              | BIDIR     | LVTTL                |       | 12       | FAST | IFF          |          |          |
|                                    |                  |           |                      |       |          |      | OFF          |          |          |
| DRAM_DQ<8>                         | IOB              | BIDIR     | LVTTL                |       | 12       | FAST | IFF          |          |          |
|                                    |                  |           |                      |       |          |      | OFF          |          |          |
| DRAM_DQ<9>                         | IOB              | BIDIR     | LVTTL                |       | 12       | FAST | IFF          |          |          |
|                                    |                  |           |                      |       |          |      | OFF          |          |          |
| DRAM_DQ<10>                        | IOB              | BIDIR     | LVTTL                |       | 12       | FAST | IFF          |          |          |
|                                    |                  |           |                      |       |          |      | OFF          |          |          |
| DRAM_DQ<11>                        | IOB              | BIDIR     | LVTTL                |       | 12       | FAST | IFF          |          |          |
|                                    |                  |           |                      |       |          |      | OFF          |          |          |
| DRAM_DQ<12>                        | IOB              | BIDIR     | LVTTL                |       | 12       | FAST | IFF          |          |          |
|                                    |                  |           |                      |       |          |      | OFF          |          |          |
| DRAM_DQ<13>                        | IOB              | BIDIR     | LVTTL                |       | 12       | FAST | IFF          |          |          |
|                                    |                  |           |                      |       |          |      | OFF          |          |          |
| DRAM_DQ<14>                        | IOB              | BIDIR     | LVTTL                |       | 12       | FAST | IFF          |          |          |
|                                    |                  |           |                      |       |          |      | OFF          |          |          |
| DRAM_DQ<15>                        | IOB              | BIDIR     | LVTTL                |       | 12       | FAST | IFF          |          |          |
|                                    |                  |           |                      |       |          |      | OFF          |          |          |
| DRAM_DQM<0>                        | IOB              | OUTPUT    | LVTTL                |       | 12       | FAST | OFF          |          |          |
| DRAM_DQM<1>                        | IOB              | OUTPUT    | LVTTL                |       | 12       | FAST | OFF          |          |          |
| DRAM_RAS_N                         | IOB              | OUTPUT    | LVTTL                |       | 12       | FAST | OFF          |          |          |
| DRAM_WE_N                          | IOB              | OUTPUT    | LVTTL                |       | 12       | FAST | OFF          |          |          |
| LED                                | IOB              | OUTPUT    | LVTTL                |       | 8        | SLOW |              |          |          |
| RXD                                | IOB              | INPUT     | LVTTL                |       |          |      |              |          |          |
| SPI_CS                             | IOB              | OUTPUT    | LVTTL                |       | 8        | FAST |              |          |          |
| SPI_MISO                           | IOB              | INPUT     | LVTTL                |       |          |      |              | PULLUP   |          |
| SPI_MOSI                           | IOB              | OUTPUT    | LVTTL                |       | 8        | FAST |              |          |          |
| SPI_SCK                            | IOB              | OUTPUT    | LVTTL                |       | 8        | FAST |              |          |          |
| TXD                                | IOB              | OUTPUT    | LVTTL                |       | 8        | FAST |              |          |          |
| WING_AH0                           | IOB              | BIDIR     | LVTTL                |       | 8        | FAST |              |          |          |
| WING_AH1                           | IOB              | BIDIR     | LVTTL                |       | 8        | FAST |              |          |          |
| WING_AH2                           | IOB              | BIDIR     | LVTTL                |       | 8        | FAST |              |          |          |
| WING_AH3                           | IOB              | BIDIR     | LVTTL                |       | 8        | FAST |              |          |          |
| WING_AH4                           | IOB              | BIDIR     | LVTTL                |       | 8        | FAST |              |          |          |
| WING_AH5                           | IOB              | BIDIR     | LVTTL                |       | 8        | FAST |              |          |          |
| WING_AH6                           | IOB              | BIDIR     | LVTTL                |       | 8        | FAST |              |          |          |
| WING_AH7                           | IOB              | BIDIR     | LVTTL                |       | 8        | FAST |              |          |          |
| WING_AL2                           | IOB              | BIDIR     | LVTTL                |       | 8        | FAST |              |          |          |
| WING_AL3                           | IOB              | BIDIR     | LVTTL                |       | 8        | FAST |              |          |          |
| WING_AL4                           | IOB              | BIDIR     | LVTTL                |       | 8        | FAST |              |          |          |
| WING_AL5                           | IOB              | BIDIR     | LVTTL                |       | 8        | FAST |              |          |          |
| WING_AL6                           | IOB              | BIDIR     | LVTTL                |       | 8        | FAST |              |          |          |
| WING_AL7                           | IOB              | BIDIR     | LVTTL                |       | 8        | FAST |              |          |          |
| WING_BH0                           | IOB              | BIDIR     | LVTTL                |       | 8        | FAST |              |          |          |
| WING_BH1                           | IOB              | BIDIR     | LVTTL                |       | 8        | FAST |              |          |          |
| WING_BH2                           | IOB              | BIDIR     | LVTTL                |       | 8        | FAST |              |          |          |
| WING_BH3                           | IOB              | BIDIR     | LVTTL                |       | 8        | FAST |              |          |          |
| WING_BH4                           | IOB              | BIDIR     | LVTTL                |       | 8        | FAST |              |          |          |
| WING_BH5                           | IOB              | BIDIR     | LVTTL                |       | 8        | FAST |              |          |          |
| WING_BH6                           | IOB              | BIDIR     | LVTTL                |       | 8        | FAST |              |          |          |
| WING_BH7                           | IOB              | BIDIR     | LVTTL                |       | 8        | FAST |              |          |          |
| WING_BL0                           | IOB              | BIDIR     | LVTTL                |       | 8        | FAST |              |          |          |
| WING_BL1                           | IOB              | BIDIR     | LVTTL                |       | 8        | FAST |              |          |          |
| WING_BL2                           | IOB              | BIDIR     | LVTTL                |       | 8        | FAST |              |          |          |
| WING_BL3                           | IOB              | BIDIR     | LVTTL                |       | 8        | FAST |              |          |          |
| WING_BL4                           | IOB              | BIDIR     | LVTTL                |       | 8        | FAST |              |          |          |
| WING_BL5                           | IOB              | BIDIR     | LVTTL                |       | 8        | FAST |              |          |          |
| WING_BL6                           | IOB              | BIDIR     | LVTTL                |       | 8        | FAST |              |          |          |
| WING_BL7                           | IOB              | BIDIR     | LVTTL                |       | 8        | FAST |              |          |          |
| WING_CH0                           | IOB              | BIDIR     | LVTTL                |       | 8        | FAST |              |          |          |
| WING_CH1                           | IOB              | BIDIR     | LVTTL                |       | 8        | FAST |              |          |          |
| WING_CH2                           | IOB              | BIDIR     | LVTTL                |       | 8        | FAST |              |          |          |
| WING_CH3                           | IOB              | BIDIR     | LVTTL                |       | 8        | FAST |              |          |          |
| WING_CH4                           | IOB              | BIDIR     | LVTTL                |       | 8        | FAST |              |          |          |
| WING_CH5                           | IOB              | BIDIR     | LVTTL                |       | 8        | FAST |              |          |          |
| WING_CH6                           | IOB              | BIDIR     | LVTTL                |       | 8        | FAST |              |          |          |
| WING_CH7                           | IOB              | BIDIR     | LVTTL                |       | 8        | FAST |              |          |          |
| WING_CL0                           | IOB              | BIDIR     | LVTTL                |       | 8        | FAST |              |          |          |
| WING_CL1                           | IOB              | BIDIR     | LVTTL                |       | 8        | FAST |              |          |          |
| WING_CL2                           | IOB              | BIDIR     | LVTTL                |       | 8        | FAST |              |          |          |
| WING_CL3                           | IOB              | BIDIR     | LVTTL                |       | 8        | FAST |              |          |          |
| WING_CL4                           | IOB              | BIDIR     | LVTTL                |       | 8        | FAST |              |          |          |
| WING_CL5                           | IOB              | BIDIR     | LVTTL                |       | 8        | FAST |              |          |          |
| WING_CL6                           | IOB              | BIDIR     | LVTTL                |       | 8        | FAST |              |          |          |
| WING_CL7                           | IOB              | BIDIR     | LVTTL                |       | 8        | FAST |              |          |          |
+---------------------------------------------------------------------------------------------------------------------------------------------------------+

Section 7 - RPMs
----------------

Section 8 - Guide Report
------------------------
Guide not run on this design.

Section 9 - Area Group and Partition Summary
--------------------------------------------

Partition Implementation Status
-------------------------------

  No Partitions were found in this design.

-------------------------------

Area Group Information
----------------------

  No area groups were found in this design.

----------------------

Section 10 - Timing Report
--------------------------
A logic-level (pre-route) timing report can be generated by using Xilinx static
timing analysis tools, Timing Analyzer (GUI) or TRCE (command line), with the
mapped NCD and PCF files. Please note that this timing report will be generated
using estimated delay information. For accurate numbers, please generate a
timing report with the post Place and Route NCD file.

For more information about the Timing Analyzer, consult the Xilinx Timing
Analyzer Reference Manual; for more information about TRCE, consult the Xilinx
Command Line Tools User Guide "TRACE" chapter.

Section 11 - Configuration String Details
-----------------------------------------
Use the "-detail" map option to print out Configuration Strings

Section 12 - Control Set Information
------------------------------------
Use the "-detail" map option to print out Control Set Information.

Section 13 - Utilization by Hierarchy
-------------------------------------
Use the "-detail" map option to print out the Utilization by Hierarchy section.
