

CmdLine:	C:\dropbox\GadgetFactory\GadgetFactory_Engineering\Papilio-Loader\Java-GUI\papilio-loader.exe --l4j-debug
WOW64:		yes
Bundled JRE:	java
Check launcher:	C:\dropbox\GadgetFactory\GadgetFactory_Engineering\Papilio-Loader\Java-GUI\java\bin\javaw.exe (n/a)
64-bit search:	SOFTWARE\JavaSoft\Java Runtime Environment...
Match:		SOFTWARE\JavaSoft\Java Runtime Environment\1.7
Match:		SOFTWARE\JavaSoft\Java Runtime Environment\1.7.0_21
Using 64-bit runtime.
64-bit search:	SOFTWARE\JavaSoft\Java Development Kit...
Ignore:		SOFTWARE\JavaSoft\Java Development Kit\1.7
Ignore:		SOFTWARE\JavaSoft\Java Development Kit\1.7.0_21
Using 64-bit runtime.
Check launcher:	C:\Program Files\Java\jre7\bin\javaw.exe (OK)
Launcher:	C:\Program Files\Java\jre7\bin\javaw.exe
Launcher args:	-jar "C:\dropbox\GadgetFactory\GadgetFactory_Engineering\Papilio-Loader\Java-GUI\papilio-loader.jar"
Args length:	100/32768 chars
Exit code:	0


CmdLine:	C:\dropbox\GadgetFactory\GadgetFactory_Engineering\Papilio-Loader\Java-GUI\papilio-loader.exe --l4j-debug
WOW64:		yes
Bundled JRE:	java
Check launcher:	C:\dropbox\GadgetFactory\GadgetFactory_Engineering\Papilio-Loader\Java-GUI\java\bin\javaw.exe (OK)
Launcher:	C:\dropbox\GadgetFactory\GadgetFactory_Engineering\Papilio-Loader\Java-GUI\java\bin\javaw.exe
Launcher args:	-jar "C:\dropbox\GadgetFactory\GadgetFactory_Engineering\Papilio-Loader\Java-GUI\papilio-loader.jar"
Args length:	100/32768 chars
Exit code:	0


CmdLine:	C:\dropbox\GadgetFactory\GadgetFactory_Engineering\Papilio-Loader\Java-GUI\papilio-loader.exe --l4j-debug
WOW64:		yes
Bundled JRE:	java
Check launcher:	C:\dropbox\GadgetFactory\GadgetFactory_Engineering\Papilio-Loader\Java-GUI\java\bin\javaw.exe (OK)
Launcher:	C:\dropbox\GadgetFactory\GadgetFactory_Engineering\Papilio-Loader\Java-GUI\java\bin\javaw.exe
Launcher args:	-jar "C:\dropbox\GadgetFactory\GadgetFactory_Engineering\Papilio-Loader\Java-GUI\papilio-loader.jar"
Args length:	100/32768 chars
Exit code:	0
