--------------------------------------------------------------------------------
Release 14.7 Trace  (nt64)
Copyright (c) 1995-2013 Xilinx, Inc.  All rights reserved.

C:\Xilinx\14.7\ISE_DS\ISE\bin\nt64\unwrapped\trce.exe -intstyle ise -v 3 -s 2
-n 3 -fastpaths -xml Papilio_DUO_LX9.twx Papilio_DUO_LX9.ncd -o
Papilio_DUO_LX9.twr Papilio_DUO_LX9.pcf

Design file:              Papilio_DUO_LX9.ncd
Physical constraint file: Papilio_DUO_LX9.pcf
Device,package,speed:     xc6slx9,tqg144,C,-2 (PRODUCTION 1.23 2013-10-13)
Report level:             verbose report

Environment Variable      Effect 
--------------------      ------ 
NONE                      No environment variables were set
--------------------------------------------------------------------------------

INFO:Timing:2698 - No timing constraints found, doing default enumeration.
INFO:Timing:3412 - To improve timing, see the Timing Closure User Guide (UG612).
INFO:Timing:2752 - To get complete path coverage, use the unconstrained paths 
   option. All paths that are not constrained will be reported in the 
   unconstrained paths section(s) of the report.
INFO:Timing:3339 - The clock-to-out numbers in this timing report are based on 
   a 50 Ohm transmission line loading model.  For the details of this model, 
   and for more information on accounting for different loading conditions, 
   please see the device datasheet.



Data Sheet report:
-----------------
All values displayed in nanoseconds (ns)

Setup/Hold to clock CLK
------------+------------+------------+------------+------------+------------------+--------+
            |Max Setup to|  Process   |Max Hold to |  Process   |                  | Clock  |
Source      | clk (edge) |   Corner   | clk (edge) |   Corner   |Internal Clock(s) | Phase  |
------------+------------+------------+------------+------------+------------------+--------+
Arduino_1   |    3.692(R)|      SLOW  |   -1.663(R)|      FAST  |XLXN_408<165>     |   0.000|
Arduino_2   |    4.249(R)|      SLOW  |   -2.143(R)|      FAST  |XLXN_408<165>     |   0.000|
Arduino_3   |    2.918(R)|      SLOW  |   -1.390(R)|      FAST  |XLXN_408<165>     |   0.000|
Arduino_4   |    2.822(R)|      SLOW  |   -1.278(R)|      FAST  |XLXN_408<165>     |   0.000|
Arduino_5   |    2.820(R)|      SLOW  |   -1.282(R)|      FAST  |XLXN_408<165>     |   0.000|
Arduino_6   |    2.580(R)|      SLOW  |   -1.139(R)|      FAST  |XLXN_408<165>     |   0.000|
Arduino_7   |    2.614(R)|      SLOW  |   -1.149(R)|      FAST  |XLXN_408<165>     |   0.000|
Arduino_8   |    2.857(R)|      SLOW  |   -1.314(R)|      FAST  |XLXN_408<165>     |   0.000|
Arduino_9   |    2.733(R)|      SLOW  |   -1.235(R)|      FAST  |XLXN_408<165>     |   0.000|
Arduino_10  |    2.601(R)|      SLOW  |   -1.261(R)|      FAST  |XLXN_408<165>     |   0.000|
Arduino_11  |    2.591(R)|      SLOW  |   -1.112(R)|      FAST  |XLXN_408<165>     |   0.000|
Arduino_12  |    2.598(R)|      SLOW  |   -1.157(R)|      FAST  |XLXN_408<165>     |   0.000|
Arduino_13  |    2.839(R)|      SLOW  |   -1.293(R)|      FAST  |XLXN_408<165>     |   0.000|
Arduino_16  |    2.811(R)|      SLOW  |   -1.294(R)|      FAST  |XLXN_408<165>     |   0.000|
Arduino_17  |    2.555(R)|      SLOW  |   -1.113(R)|      FAST  |XLXN_408<165>     |   0.000|
Arduino_18  |    2.766(R)|      SLOW  |   -1.199(R)|      FAST  |XLXN_408<165>     |   0.000|
Arduino_19  |    2.312(R)|      SLOW  |   -0.939(R)|      FAST  |XLXN_408<165>     |   0.000|
Arduino_20  |    2.132(R)|      SLOW  |   -0.885(R)|      FAST  |XLXN_408<165>     |   0.000|
Arduino_21  |    3.469(R)|      SLOW  |   -1.649(R)|      FAST  |XLXN_408<165>     |   0.000|
Arduino_23  |    2.644(R)|      SLOW  |   -1.203(R)|      FAST  |XLXN_408<165>     |   0.000|
Arduino_25  |    2.291(R)|      SLOW  |   -0.909(R)|      FAST  |XLXN_408<165>     |   0.000|
Arduino_27  |    2.005(R)|      SLOW  |   -0.848(R)|      FAST  |XLXN_408<165>     |   0.000|
Arduino_29  |    1.961(R)|      SLOW  |   -0.830(R)|      FAST  |XLXN_408<165>     |   0.000|
Arduino_31  |    2.003(R)|      SLOW  |   -0.846(R)|      FAST  |XLXN_408<165>     |   0.000|
Arduino_33  |    1.936(R)|      SLOW  |   -0.811(R)|      FAST  |XLXN_408<165>     |   0.000|
Arduino_34  |    2.378(R)|      SLOW  |   -1.005(R)|      FAST  |XLXN_408<165>     |   0.000|
Arduino_35  |    2.024(R)|      SLOW  |   -0.893(R)|      FAST  |XLXN_408<165>     |   0.000|
Arduino_36  |    2.338(R)|      SLOW  |   -0.955(R)|      FAST  |XLXN_408<165>     |   0.000|
Arduino_37  |    2.496(R)|      SLOW  |   -1.136(R)|      FAST  |XLXN_408<165>     |   0.000|
Arduino_39  |    2.379(R)|      SLOW  |   -1.032(R)|      FAST  |XLXN_408<165>     |   0.000|
Arduino_41  |    2.082(R)|      SLOW  |   -0.850(R)|      FAST  |XLXN_408<165>     |   0.000|
Arduino_44  |    2.132(R)|      SLOW  |   -0.915(R)|      FAST  |XLXN_408<165>     |   0.000|
Arduino_46  |    2.073(R)|      SLOW  |   -0.856(R)|      FAST  |XLXN_408<165>     |   0.000|
Arduino_47  |    2.405(R)|      SLOW  |   -1.033(R)|      FAST  |XLXN_408<165>     |   0.000|
Arduino_49  |    2.667(R)|      SLOW  |   -1.165(R)|      FAST  |XLXN_408<165>     |   0.000|
Arduino_51  |    2.420(R)|      SLOW  |   -1.080(R)|      FAST  |XLXN_408<165>     |   0.000|
Arduino_53  |    2.723(R)|      SLOW  |   -1.251(R)|      FAST  |XLXN_408<165>     |   0.000|
RXD         |    2.014(R)|      SLOW  |   -0.810(R)|      FAST  |XLXN_408<165>     |   0.000|
SPI_MISO    |    2.632(R)|      SLOW  |   -1.244(R)|      FAST  |XLXN_408<165>     |   0.000|
sram_data<0>|    2.636(F)|      SLOW  |   -1.217(F)|      FAST  |XLXN_408<165>     |   0.000|
sram_data<1>|    2.808(F)|      SLOW  |   -1.256(F)|      FAST  |XLXN_408<165>     |   0.000|
sram_data<2>|    2.615(F)|      SLOW  |   -1.178(F)|      FAST  |XLXN_408<165>     |   0.000|
sram_data<3>|    2.811(F)|      SLOW  |   -1.250(F)|      FAST  |XLXN_408<165>     |   0.000|
sram_data<4>|    2.474(F)|      SLOW  |   -1.194(F)|      FAST  |XLXN_408<165>     |   0.000|
sram_data<5>|    3.031(F)|      SLOW  |   -1.426(F)|      FAST  |XLXN_408<165>     |   0.000|
sram_data<6>|    2.662(F)|      SLOW  |   -1.321(F)|      FAST  |XLXN_408<165>     |   0.000|
sram_data<7>|    2.818(F)|      SLOW  |   -1.337(F)|      FAST  |XLXN_408<165>     |   0.000|
------------+------------+------------+------------+------------+------------------+--------+

Clock CLK to Pad
-------------+-----------------+------------+-----------------+------------+----------------------+--------+
             |Max (slowest) clk|  Process   |Min (fastest) clk|  Process   |                      | Clock  |
Destination  |  (edge) to PAD  |   Corner   |  (edge) to PAD  |   Corner   |Internal Clock(s)     | Phase  |
-------------+-----------------+------------+-----------------+------------+----------------------+--------+
Arduino_0    |         8.964(R)|      SLOW  |         4.478(R)|      FAST  |XLXN_408<165>         |   0.000|
Arduino_3    |         8.494(R)|      SLOW  |         3.946(R)|      FAST  |XLXN_408<165>         |   0.000|
Arduino_4    |         8.053(R)|      SLOW  |         3.700(R)|      FAST  |XLXN_408<165>         |   0.000|
Arduino_5    |         8.258(R)|      SLOW  |         3.700(R)|      FAST  |XLXN_408<165>         |   0.000|
Arduino_6    |         8.523(R)|      SLOW  |         4.014(R)|      FAST  |XLXN_408<165>         |   0.000|
Arduino_7    |         8.261(R)|      SLOW  |         3.893(R)|      FAST  |XLXN_408<165>         |   0.000|
Arduino_8    |         8.447(R)|      SLOW  |         3.843(R)|      FAST  |XLXN_408<165>         |   0.000|
Arduino_9    |         8.427(R)|      SLOW  |         3.933(R)|      FAST  |XLXN_408<165>         |   0.000|
Arduino_10   |         8.641(R)|      SLOW  |         4.142(R)|      FAST  |XLXN_408<165>         |   0.000|
Arduino_11   |         8.464(R)|      SLOW  |         4.032(R)|      FAST  |XLXN_408<165>         |   0.000|
Arduino_12   |         8.597(R)|      SLOW  |         4.137(R)|      FAST  |XLXN_408<165>         |   0.000|
Arduino_13   |         8.597(R)|      SLOW  |         4.027(R)|      FAST  |XLXN_408<165>         |   0.000|
Arduino_14   |         8.913(R)|      SLOW  |         4.275(R)|      FAST  |XLXN_408<165>         |   0.000|
Arduino_15   |         8.071(R)|      SLOW  |         3.782(R)|      FAST  |XLXN_408<165>         |   0.000|
Arduino_16   |         8.481(R)|      SLOW  |         3.900(R)|      FAST  |XLXN_408<165>         |   0.000|
Arduino_17   |         8.705(R)|      SLOW  |         3.980(R)|      FAST  |XLXN_408<165>         |   0.000|
Arduino_18   |         8.546(R)|      SLOW  |         3.856(R)|      FAST  |XLXN_408<165>         |   0.000|
Arduino_19   |         8.370(R)|      SLOW  |         3.721(R)|      FAST  |XLXN_408<165>         |   0.000|
Arduino_20   |         8.351(R)|      SLOW  |         3.826(R)|      FAST  |XLXN_408<165>         |   0.000|
Arduino_21   |         8.362(R)|      SLOW  |         3.891(R)|      FAST  |XLXN_408<165>         |   0.000|
Arduino_22   |        15.711(R)|      SLOW  |         6.894(R)|      FAST  |XLXN_596_BUFG         |   0.000|
Arduino_23   |         8.352(R)|      SLOW  |         3.772(R)|      FAST  |XLXN_408<165>         |   0.000|
Arduino_24   |        15.703(R)|      SLOW  |         6.935(R)|      FAST  |XLXN_596_BUFG         |   0.000|
Arduino_25   |         7.851(R)|      SLOW  |         3.392(R)|      FAST  |XLXN_408<165>         |   0.000|
Arduino_26   |        14.411(R)|      SLOW  |         6.184(R)|      FAST  |XLXN_596_BUFG         |   0.000|
Arduino_27   |         7.911(R)|      SLOW  |         3.487(R)|      FAST  |XLXN_408<165>         |   0.000|
Arduino_28   |         9.344(R)|      SLOW  |         4.578(R)|      FAST  |XLXN_408<165>         |   0.000|
Arduino_29   |         7.575(R)|      SLOW  |         3.453(R)|      FAST  |XLXN_408<165>         |   0.000|
Arduino_30   |         9.026(R)|      SLOW  |         4.356(R)|      FAST  |XLXN_408<165>         |   0.000|
Arduino_31   |         7.747(R)|      SLOW  |         3.409(R)|      FAST  |XLXN_408<165>         |   0.000|
Arduino_32   |        13.792(R)|      SLOW  |         5.817(R)|      FAST  |XLXN_596_BUFG         |   0.000|
Arduino_33   |         8.150(R)|      SLOW  |         3.399(R)|      FAST  |XLXN_408<165>         |   0.000|
Arduino_34   |         8.062(R)|      SLOW  |         3.508(R)|      FAST  |XLXN_408<165>         |   0.000|
Arduino_35   |         7.704(R)|      SLOW  |         3.543(R)|      FAST  |XLXN_408<165>         |   0.000|
Arduino_36   |         8.317(R)|      SLOW  |         3.505(R)|      FAST  |XLXN_408<165>         |   0.000|
Arduino_37   |         8.362(R)|      SLOW  |         3.531(R)|      FAST  |XLXN_408<165>         |   0.000|
Arduino_38   |        15.400(R)|      SLOW  |         6.814(R)|      FAST  |XLXN_596_BUFG         |   0.000|
Arduino_39   |         9.062(R)|      SLOW  |         4.009(R)|      FAST  |XLXN_408<165>         |   0.000|
Arduino_40   |        15.692(R)|      SLOW  |         7.031(R)|      FAST  |XLXN_596_BUFG         |   0.000|
Arduino_41   |         8.733(R)|      SLOW  |         4.095(R)|      FAST  |XLXN_408<165>         |   0.000|
Arduino_42   |        14.823(R)|      SLOW  |         6.613(R)|      FAST  |XLXN_596_BUFG         |   0.000|
Arduino_43   |         8.512(R)|      SLOW  |         4.159(R)|      FAST  |XLXN_408<165>         |   0.000|
Arduino_44   |         8.737(R)|      SLOW  |         3.932(R)|      FAST  |XLXN_408<165>         |   0.000|
Arduino_45   |         8.539(R)|      SLOW  |         4.090(R)|      FAST  |XLXN_408<165>         |   0.000|
Arduino_46   |         8.569(R)|      SLOW  |         3.959(R)|      FAST  |XLXN_408<165>         |   0.000|
Arduino_47   |         8.822(R)|      SLOW  |         4.031(R)|      FAST  |XLXN_408<165>         |   0.000|
Arduino_48   |        14.579(R)|      SLOW  |         6.422(R)|      FAST  |XLXN_596_BUFG         |   0.000|
Arduino_49   |         8.910(R)|      SLOW  |         3.841(R)|      FAST  |XLXN_408<165>         |   0.000|
Arduino_50   |        14.250(R)|      SLOW  |         6.148(R)|      FAST  |XLXN_596_BUFG         |   0.000|
Arduino_51   |         8.934(R)|      SLOW  |         3.940(R)|      FAST  |XLXN_408<165>         |   0.000|
Arduino_52   |        13.833(R)|      SLOW  |         5.904(R)|      FAST  |XLXN_596_BUFG         |   0.000|
Arduino_53   |         9.923(R)|      SLOW  |         4.170(R)|      FAST  |XLXN_408<165>         |   0.000|
SPI_CS       |         8.364(R)|      SLOW  |         3.933(R)|      FAST  |XLXN_408<165>         |   0.000|
SPI_MOSI     |         8.576(R)|      SLOW  |         4.007(R)|      FAST  |XLXN_408<165>         |   0.000|
SPI_SCK      |         9.252(R)|      SLOW  |         4.445(R)|      FAST  |XLXN_408<165>         |   0.000|
TXD          |         7.595(R)|      SLOW  |         3.485(R)|      FAST  |XLXN_408<165>         |   0.000|
sram_addr<0> |         6.355(R)|      SLOW  |         2.512(R)|      FAST  |XLXN_408<165>         |   0.000|
sram_addr<1> |         6.355(R)|      SLOW  |         2.512(R)|      FAST  |XLXN_408<165>         |   0.000|
sram_addr<2> |         6.357(R)|      SLOW  |         2.514(R)|      FAST  |XLXN_408<165>         |   0.000|
sram_addr<3> |         6.357(R)|      SLOW  |         2.514(R)|      FAST  |XLXN_408<165>         |   0.000|
sram_addr<4> |         6.360(R)|      SLOW  |         2.517(R)|      FAST  |XLXN_408<165>         |   0.000|
sram_addr<5> |         6.352(R)|      SLOW  |         2.509(R)|      FAST  |XLXN_408<165>         |   0.000|
sram_addr<6> |         6.364(R)|      SLOW  |         2.521(R)|      FAST  |XLXN_408<165>         |   0.000|
sram_addr<7> |         6.364(R)|      SLOW  |         2.521(R)|      FAST  |XLXN_408<165>         |   0.000|
sram_addr<8> |         6.441(R)|      SLOW  |         2.598(R)|      FAST  |XLXN_408<165>         |   0.000|
sram_addr<9> |         6.492(R)|      SLOW  |         2.649(R)|      FAST  |XLXN_408<165>         |   0.000|
sram_addr<10>|         6.440(R)|      SLOW  |         2.597(R)|      FAST  |XLXN_408<165>         |   0.000|
sram_addr<11>|         6.441(R)|      SLOW  |         2.598(R)|      FAST  |XLXN_408<165>         |   0.000|
sram_addr<12>|         6.441(R)|      SLOW  |         2.598(R)|      FAST  |XLXN_408<165>         |   0.000|
sram_addr<13>|         6.363(R)|      SLOW  |         2.520(R)|      FAST  |XLXN_408<165>         |   0.000|
sram_addr<14>|         6.363(R)|      SLOW  |         2.520(R)|      FAST  |XLXN_408<165>         |   0.000|
sram_addr<15>|         6.297(R)|      SLOW  |         2.454(R)|      FAST  |XLXN_408<165>         |   0.000|
sram_addr<16>|         6.302(R)|      SLOW  |         2.459(R)|      FAST  |XLXN_408<165>         |   0.000|
sram_addr<17>|         6.362(R)|      SLOW  |         2.519(R)|      FAST  |XLXN_408<165>         |   0.000|
sram_addr<18>|         6.362(R)|      SLOW  |         2.519(R)|      FAST  |XLXN_408<165>         |   0.000|
sram_ce      |         6.282(R)|      SLOW  |         2.434(R)|      FAST  |XLXN_408<165>         |   0.000|
sram_data<0> |         9.205(R)|      SLOW  |         2.140(R)|      FAST  |XLXN_408<165>         |   0.000|
sram_data<1> |         9.205(R)|      SLOW  |         2.140(R)|      FAST  |XLXN_408<165>         |   0.000|
sram_data<2> |         9.016(R)|      SLOW  |         2.140(R)|      FAST  |XLXN_408<165>         |   0.000|
sram_data<3> |         9.016(R)|      SLOW  |         2.140(R)|      FAST  |XLXN_408<165>         |   0.000|
sram_data<4> |         8.585(R)|      SLOW  |         2.140(R)|      FAST  |XLXN_408<165>         |   0.000|
sram_data<5> |         8.585(R)|      SLOW  |         2.140(R)|      FAST  |XLXN_408<165>         |   0.000|
sram_data<6> |         8.385(R)|      SLOW  |         2.140(R)|      FAST  |XLXN_408<165>         |   0.000|
sram_data<7> |         8.385(R)|      SLOW  |         2.140(R)|      FAST  |XLXN_408<165>         |   0.000|
sram_oe      |         6.219(R)|      SLOW  |         2.371(R)|      FAST  |XLXN_408<165>         |   0.000|
sram_we      |         6.289(R)|      SLOW  |         2.436(R)|      FAST  |XLXI_39/sysclk_sram_we|   0.000|
             |         6.352(R)|      SLOW  |         2.515(R)|      FAST  |XLXN_408<165>         |   0.000|
-------------+-----------------+------------+-----------------+------------+----------------------+--------+

Clock to Setup on destination clock CLK
---------------+---------+---------+---------+---------+
               | Src:Rise| Src:Fall| Src:Rise| Src:Fall|
Source Clock   |Dest:Rise|Dest:Rise|Dest:Fall|Dest:Fall|
---------------+---------+---------+---------+---------+
CLK            |    9.124|    2.414|         |    3.165|
---------------+---------+---------+---------+---------+


Analysis completed Mon Oct 06 15:24:20 2014 
--------------------------------------------------------------------------------

Trace Settings:
-------------------------
Trace Settings 

Peak Memory Usage: 291 MB



