--------------------------------------------------------------------------------
Release 14.7 Trace  (nt64)
Copyright (c) 1995-2013 Xilinx, Inc.  All rights reserved.

C:\Xilinx\14.7\ISE_DS\ISE\bin\nt64\unwrapped\trce.exe -intstyle ise -v 3 -s 2
-n 3 -fastpaths -xml Papilio_DUO_LX9.twx Papilio_DUO_LX9.ncd -o
Papilio_DUO_LX9.twr Papilio_DUO_LX9.pcf

Design file:              Papilio_DUO_LX9.ncd
Physical constraint file: Papilio_DUO_LX9.pcf
Device,package,speed:     xc6slx9,tqg144,C,-2 (PRODUCTION 1.23 2013-10-13)
Report level:             verbose report

Environment Variable      Effect 
--------------------      ------ 
NONE                      No environment variables were set
--------------------------------------------------------------------------------

INFO:Timing:2698 - No timing constraints found, doing default enumeration.
INFO:Timing:3412 - To improve timing, see the Timing Closure User Guide (UG612).
INFO:Timing:2752 - To get complete path coverage, use the unconstrained paths 
   option. All paths that are not constrained will be reported in the 
   unconstrained paths section(s) of the report.
INFO:Timing:3339 - The clock-to-out numbers in this timing report are based on 
   a 50 Ohm transmission line loading model.  For the details of this model, 
   and for more information on accounting for different loading conditions, 
   please see the device datasheet.



Data Sheet report:
-----------------
All values displayed in nanoseconds (ns)

Setup/Hold to clock CLK
------------+------------+------------+------------+------------+------------------+--------+
            |Max Setup to|  Process   |Max Hold to |  Process   |                  | Clock  |
Source      | clk (edge) |   Corner   | clk (edge) |   Corner   |Internal Clock(s) | Phase  |
------------+------------+------------+------------+------------+------------------+--------+
Arduino_0   |    2.842(R)|      SLOW  |   -1.284(R)|      FAST  |XLXN_408<165>     |   0.000|
Arduino_1   |    2.441(R)|      SLOW  |   -1.051(R)|      FAST  |XLXN_408<165>     |   0.000|
Arduino_2   |    2.427(R)|      SLOW  |   -1.087(R)|      FAST  |XLXN_408<165>     |   0.000|
Arduino_3   |    2.922(R)|      SLOW  |   -1.366(R)|      FAST  |XLXN_408<165>     |   0.000|
Arduino_4   |    2.908(R)|      SLOW  |   -1.338(R)|      FAST  |XLXN_408<165>     |   0.000|
Arduino_5   |    2.708(R)|      SLOW  |   -1.219(R)|      FAST  |XLXN_408<165>     |   0.000|
Arduino_6   |    2.776(R)|      SLOW  |   -1.244(R)|      FAST  |XLXN_408<165>     |   0.000|
Arduino_7   |    3.190(R)|      SLOW  |   -1.490(R)|      FAST  |XLXN_408<165>     |   0.000|
Arduino_8   |    3.401(R)|      SLOW  |   -1.630(R)|      FAST  |XLXN_408<165>     |   0.000|
Arduino_9   |    3.294(R)|      SLOW  |   -1.595(R)|      FAST  |XLXN_408<165>     |   0.000|
Arduino_10  |    3.560(R)|      SLOW  |   -1.803(R)|      FAST  |XLXN_408<165>     |   0.000|
Arduino_11  |    3.590(R)|      SLOW  |   -1.746(R)|      FAST  |XLXN_408<165>     |   0.000|
Arduino_12  |    3.057(R)|      SLOW  |   -1.501(R)|      FAST  |XLXN_408<165>     |   0.000|
Arduino_13  |    3.451(R)|      SLOW  |   -1.847(R)|      FAST  |XLXN_408<165>     |   0.000|
Arduino_26  |    2.006(R)|      SLOW  |   -0.849(R)|      FAST  |XLXN_408<165>     |   0.000|
Arduino_28  |    2.194(R)|      SLOW  |   -0.983(R)|      FAST  |XLXN_408<165>     |   0.000|
Arduino_30  |    2.391(R)|      SLOW  |   -1.057(R)|      FAST  |XLXN_408<165>     |   0.000|
Arduino_42  |    2.523(R)|      SLOW  |   -1.095(R)|      FAST  |XLXN_408<165>     |   0.000|
Arduino_44  |    2.419(R)|      SLOW  |   -1.072(R)|      FAST  |XLXN_408<165>     |   0.000|
Arduino_46  |    2.131(R)|      SLOW  |   -0.892(R)|      FAST  |XLXN_408<165>     |   0.000|
Arduino_48  |    2.281(R)|      SLOW  |   -1.054(R)|      FAST  |XLXN_408<165>     |   0.000|
Arduino_50  |    2.175(R)|      SLOW  |   -0.935(R)|      FAST  |XLXN_408<165>     |   0.000|
Arduino_52  |    2.141(R)|      SLOW  |   -0.902(R)|      FAST  |XLXN_408<165>     |   0.000|
RXD         |    2.205(R)|      SLOW  |   -0.912(R)|      FAST  |XLXN_408<165>     |   0.000|
SPI_MISO    |    2.860(R)|      SLOW  |   -1.405(R)|      FAST  |XLXN_408<165>     |   0.000|
sram_data<0>|    2.171(F)|      SLOW  |   -0.954(F)|      FAST  |XLXN_408<165>     |   0.000|
sram_data<1>|    2.494(F)|      SLOW  |   -1.055(F)|      FAST  |XLXN_408<165>     |   0.000|
sram_data<2>|    2.358(F)|      SLOW  |   -1.054(F)|      FAST  |XLXN_408<165>     |   0.000|
sram_data<3>|    2.524(F)|      SLOW  |   -1.081(F)|      FAST  |XLXN_408<165>     |   0.000|
sram_data<4>|    2.919(F)|      SLOW  |   -1.445(F)|      FAST  |XLXN_408<165>     |   0.000|
sram_data<5>|    3.337(F)|      SLOW  |   -1.620(F)|      FAST  |XLXN_408<165>     |   0.000|
sram_data<6>|    3.156(F)|      SLOW  |   -1.565(F)|      FAST  |XLXN_408<165>     |   0.000|
sram_data<7>|    3.246(F)|      SLOW  |   -1.575(F)|      FAST  |XLXN_408<165>     |   0.000|
------------+------------+------------+------------+------------+------------------+--------+

Clock CLK to Pad
-------------+-----------------+------------+-----------------+------------+----------------------+--------+
             |Max (slowest) clk|  Process   |Min (fastest) clk|  Process   |                      | Clock  |
Destination  |  (edge) to PAD  |   Corner   |  (edge) to PAD  |   Corner   |Internal Clock(s)     | Phase  |
-------------+-----------------+------------+-----------------+------------+----------------------+--------+
Arduino_0    |         8.637(R)|      SLOW  |         3.937(R)|      FAST  |XLXN_408<165>         |   0.000|
Arduino_1    |         8.894(R)|      SLOW  |         4.073(R)|      FAST  |XLXN_408<165>         |   0.000|
Arduino_2    |         8.944(R)|      SLOW  |         4.002(R)|      FAST  |XLXN_408<165>         |   0.000|
Arduino_3    |         9.162(R)|      SLOW  |         4.002(R)|      FAST  |XLXN_408<165>         |   0.000|
Arduino_4    |         8.456(R)|      SLOW  |         3.696(R)|      FAST  |XLXN_408<165>         |   0.000|
Arduino_5    |         8.712(R)|      SLOW  |         3.764(R)|      FAST  |XLXN_408<165>         |   0.000|
Arduino_6    |         9.169(R)|      SLOW  |         3.785(R)|      FAST  |XLXN_408<165>         |   0.000|
Arduino_7    |         8.762(R)|      SLOW  |         3.808(R)|      FAST  |XLXN_408<165>         |   0.000|
Arduino_8    |         8.975(R)|      SLOW  |         3.667(R)|      FAST  |XLXN_408<165>         |   0.000|
Arduino_9    |         9.244(R)|      SLOW  |         3.652(R)|      FAST  |XLXN_408<165>         |   0.000|
Arduino_10   |         9.371(R)|      SLOW  |         3.830(R)|      FAST  |XLXN_408<165>         |   0.000|
Arduino_11   |        10.617(R)|      SLOW  |         3.784(R)|      FAST  |XLXN_408<165>         |   0.000|
Arduino_12   |        10.204(R)|      SLOW  |         4.568(R)|      FAST  |XLXN_408<165>         |   0.000|
Arduino_13   |        10.351(R)|      SLOW  |         5.010(R)|      FAST  |XLXN_408<165>         |   0.000|
Arduino_14   |        13.507(R)|      SLOW  |         5.627(R)|      FAST  |XLXN_408<165>         |   0.000|
Arduino_15   |        13.248(R)|      SLOW  |         5.013(R)|      FAST  |XLXN_408<165>         |   0.000|
Arduino_16   |        13.345(R)|      SLOW  |         5.582(R)|      FAST  |XLXN_408<165>         |   0.000|
Arduino_17   |        12.606(R)|      SLOW  |         5.013(R)|      FAST  |XLXN_408<165>         |   0.000|
Arduino_18   |        12.530(R)|      SLOW  |         5.637(R)|      FAST  |XLXN_408<165>         |   0.000|
Arduino_19   |        12.143(R)|      SLOW  |         4.570(R)|      FAST  |XLXN_408<165>         |   0.000|
Arduino_20   |         8.115(R)|      SLOW  |         3.806(R)|      FAST  |XLXN_408<165>         |   0.000|
Arduino_21   |         7.931(R)|      SLOW  |         3.708(R)|      FAST  |XLXN_408<165>         |   0.000|
Arduino_22   |        12.245(R)|      SLOW  |         4.652(R)|      FAST  |XLXN_408<165>         |   0.000|
Arduino_23   |        15.099(R)|      SLOW  |         6.579(R)|      FAST  |XLXN_596_BUFG         |   0.000|
Arduino_24   |        12.857(R)|      SLOW  |         5.415(R)|      FAST  |XLXN_408<165>         |   0.000|
Arduino_25   |        14.171(R)|      SLOW  |         6.050(R)|      FAST  |XLXN_596_BUFG         |   0.000|
Arduino_26   |         7.795(R)|      SLOW  |         3.625(R)|      FAST  |XLXN_408<165>         |   0.000|
Arduino_27   |        13.908(R)|      SLOW  |         5.911(R)|      FAST  |XLXN_596_BUFG         |   0.000|
Arduino_28   |         8.247(R)|      SLOW  |         3.788(R)|      FAST  |XLXN_408<165>         |   0.000|
Arduino_30   |         8.777(R)|      SLOW  |         3.638(R)|      FAST  |XLXN_408<165>         |   0.000|
Arduino_32   |        10.933(R)|      SLOW  |         4.213(R)|      FAST  |XLXN_408<165>         |   0.000|
Arduino_33   |        13.665(R)|      SLOW  |         5.751(R)|      FAST  |XLXN_596_BUFG         |   0.000|
Arduino_34   |        10.293(R)|      SLOW  |         4.190(R)|      FAST  |XLXN_408<165>         |   0.000|
Arduino_35   |        13.860(R)|      SLOW  |         5.892(R)|      FAST  |XLXN_596_BUFG         |   0.000|
Arduino_37   |        13.949(R)|      SLOW  |         5.921(R)|      FAST  |XLXN_596_BUFG         |   0.000|
Arduino_38   |        12.251(R)|      SLOW  |         4.779(R)|      FAST  |XLXN_408<165>         |   0.000|
Arduino_40   |        11.685(R)|      SLOW  |         5.059(R)|      FAST  |XLXN_408<165>         |   0.000|
Arduino_42   |         8.856(R)|      SLOW  |         3.924(R)|      FAST  |XLXN_408<165>         |   0.000|
Arduino_43   |        15.167(R)|      SLOW  |         6.715(R)|      FAST  |XLXN_596_BUFG         |   0.000|
Arduino_44   |         8.687(R)|      SLOW  |         3.818(R)|      FAST  |XLXN_408<165>         |   0.000|
Arduino_46   |         8.501(R)|      SLOW  |         3.568(R)|      FAST  |XLXN_408<165>         |   0.000|
Arduino_48   |         8.243(R)|      SLOW  |         3.857(R)|      FAST  |XLXN_408<165>         |   0.000|
Arduino_49   |        14.434(R)|      SLOW  |         6.187(R)|      FAST  |XLXN_596_BUFG         |   0.000|
Arduino_50   |         8.211(R)|      SLOW  |         3.727(R)|      FAST  |XLXN_408<165>         |   0.000|
Arduino_51   |        14.256(R)|      SLOW  |         6.197(R)|      FAST  |XLXN_596_BUFG         |   0.000|
Arduino_52   |         9.249(R)|      SLOW  |         3.752(R)|      FAST  |XLXN_408<165>         |   0.000|
Arduino_53   |        13.845(R)|      SLOW  |         6.000(R)|      FAST  |XLXN_596_BUFG         |   0.000|
SPI_CS       |         8.315(R)|      SLOW  |         3.941(R)|      FAST  |XLXN_408<165>         |   0.000|
SPI_MOSI     |         9.570(R)|      SLOW  |         4.650(R)|      FAST  |XLXN_408<165>         |   0.000|
SPI_SCK      |         9.775(R)|      SLOW  |         4.764(R)|      FAST  |XLXN_408<165>         |   0.000|
TXD          |         9.550(R)|      SLOW  |         4.499(R)|      FAST  |XLXN_408<165>         |   0.000|
sram_addr<0> |         6.355(R)|      SLOW  |         2.512(R)|      FAST  |XLXN_408<165>         |   0.000|
sram_addr<1> |         6.355(R)|      SLOW  |         2.512(R)|      FAST  |XLXN_408<165>         |   0.000|
sram_addr<2> |         6.358(R)|      SLOW  |         2.515(R)|      FAST  |XLXN_408<165>         |   0.000|
sram_addr<3> |         6.358(R)|      SLOW  |         2.515(R)|      FAST  |XLXN_408<165>         |   0.000|
sram_addr<4> |         6.360(R)|      SLOW  |         2.517(R)|      FAST  |XLXN_408<165>         |   0.000|
sram_addr<5> |         6.352(R)|      SLOW  |         2.509(R)|      FAST  |XLXN_408<165>         |   0.000|
sram_addr<6> |         6.364(R)|      SLOW  |         2.521(R)|      FAST  |XLXN_408<165>         |   0.000|
sram_addr<7> |         6.364(R)|      SLOW  |         2.521(R)|      FAST  |XLXN_408<165>         |   0.000|
sram_addr<8> |         6.442(R)|      SLOW  |         2.599(R)|      FAST  |XLXN_408<165>         |   0.000|
sram_addr<9> |         6.492(R)|      SLOW  |         2.649(R)|      FAST  |XLXN_408<165>         |   0.000|
sram_addr<10>|         6.441(R)|      SLOW  |         2.598(R)|      FAST  |XLXN_408<165>         |   0.000|
sram_addr<11>|         6.442(R)|      SLOW  |         2.599(R)|      FAST  |XLXN_408<165>         |   0.000|
sram_addr<12>|         6.442(R)|      SLOW  |         2.599(R)|      FAST  |XLXN_408<165>         |   0.000|
sram_addr<13>|         6.363(R)|      SLOW  |         2.520(R)|      FAST  |XLXN_408<165>         |   0.000|
sram_addr<14>|         6.363(R)|      SLOW  |         2.520(R)|      FAST  |XLXN_408<165>         |   0.000|
sram_addr<15>|         6.297(R)|      SLOW  |         2.454(R)|      FAST  |XLXN_408<165>         |   0.000|
sram_addr<16>|         6.302(R)|      SLOW  |         2.459(R)|      FAST  |XLXN_408<165>         |   0.000|
sram_addr<17>|         6.361(R)|      SLOW  |         2.518(R)|      FAST  |XLXN_408<165>         |   0.000|
sram_addr<18>|         6.361(R)|      SLOW  |         2.518(R)|      FAST  |XLXN_408<165>         |   0.000|
sram_ce      |         6.282(R)|      SLOW  |         2.434(R)|      FAST  |XLXN_408<165>         |   0.000|
sram_data<0> |         9.544(R)|      SLOW  |         2.136(R)|      FAST  |XLXN_408<165>         |   0.000|
sram_data<1> |         9.544(R)|      SLOW  |         2.136(R)|      FAST  |XLXN_408<165>         |   0.000|
sram_data<2> |         9.355(R)|      SLOW  |         2.136(R)|      FAST  |XLXN_408<165>         |   0.000|
sram_data<3> |         9.355(R)|      SLOW  |         2.136(R)|      FAST  |XLXN_408<165>         |   0.000|
sram_data<4> |         8.924(R)|      SLOW  |         2.136(R)|      FAST  |XLXN_408<165>         |   0.000|
sram_data<5> |         8.924(R)|      SLOW  |         2.136(R)|      FAST  |XLXN_408<165>         |   0.000|
sram_data<6> |         8.724(R)|      SLOW  |         2.136(R)|      FAST  |XLXN_408<165>         |   0.000|
sram_data<7> |         8.724(R)|      SLOW  |         2.136(R)|      FAST  |XLXN_408<165>         |   0.000|
sram_oe      |         6.219(R)|      SLOW  |         2.371(R)|      FAST  |XLXN_408<165>         |   0.000|
sram_we      |         6.289(R)|      SLOW  |         2.436(R)|      FAST  |XLXI_39/sysclk_sram_we|   0.000|
             |         6.352(R)|      SLOW  |         2.515(R)|      FAST  |XLXN_408<165>         |   0.000|
-------------+-----------------+------------+-----------------+------------+----------------------+--------+

Clock to Setup on destination clock CLK
---------------+---------+---------+---------+---------+
               | Src:Rise| Src:Fall| Src:Rise| Src:Fall|
Source Clock   |Dest:Rise|Dest:Rise|Dest:Fall|Dest:Fall|
---------------+---------+---------+---------+---------+
CLK            |    9.103|    2.098|         |    1.943|
---------------+---------+---------+---------+---------+


Analysis completed Wed Oct 01 17:14:27 2014 
--------------------------------------------------------------------------------

Trace Settings:
-------------------------
Trace Settings 

Peak Memory Usage: 273 MB



